!AIVDM,1,1,,,E>kaVFd:VnrqLoLJFQPW0000000Lid8V<0v:@00003vP10,4*59
!AIVDM,1,1,,,E>kaVFt:VnrqpGHHnQPW0000000Lici6<10q`00003vP10,4*69
!AIVDM,1,1,,,15MvtRd00<qSC<rGvA?PshVf04;8,0*3A
!AIVDM,1,1,,,15Mv5v0P14IS3MPGrWVJ7wvh04;8,0*6D
!AIVDM,1,1,,,15NNhtP000qS@L4GupG;=PCp04;8,0*62
!AIVDM,1,1,,,15MvtRd00<qSC=nGvAOhh0WD00SQ,0*0A
!AIVDM,1,1,,,15NvLk<P0FIRrprGrG3;MwwJ2@Jo,0*27
!AIVDM,1,1,,,E>k`?4PVC2@HqP0000000000000Liaj3;w:t000000uP20,4*4E
!AIVDM,1,1,,,15MvtRd00<qSC>tGvAh0c0`40L08,0*56
!AIVDM,1,1,,,15Mv5v0P1;IS2vNGrVKae?v80H2T,0*22
!AIVDM,1,1,,,15NvLk<P0DIRrm0GrGBKj?v:283a,0*6A
!AIVDM,1,1,,,15Mw;Wd00tqRf`fGqSAqH7@:0<0?,0*35
!AIVDM,1,1,,,15NNhtP000qS@LdGupG;?@Ch084b,0*61
!AIVDM,1,1,,,15MvtRd00<qSC?jGvAw@nh`d00ST,0*50
!AIVDM,1,1,,,15NNhtP000qS@L4GupG;=PAp00SI,0*7D
!AIVDM,1,1,,,15Mv5v0P1=IS2N>GrU@9gwwF0<06,0*1D
!AIVDM,1,1,,,15MvtRd00<qSCA6GvB@0shaH0@J0,0*0B
!AIVDM,1,1,,,15NNhtP000qS@L4GupG;=PAp0<08,0*63
!AIVDM,1,1,,,15MvtRd00<qSCAbGvBQ0Jh`60H2M,0*05
!AIVDM,1,1,,,15Mv5v0P1<IS2<hGrTc9h?v80D06,0*5A
!AIVDM,1,1,,,15NvLk<P09IRrctGrGlr:wv:24;@,0*77
!AIVDM,1,1,,,E>kaVEdbVnrqLoLLFW:W0000000Lid<D<0vvH00003vP10,4*3A
!AIVDM,1,1,,,E>kaVEtbVnrqLoLrnW:W0000000Lid1i<104h00003vP10,4*39
!AIVDM,1,1,,,E>kaVF<bVnrqpGHpFW:W0000000Licl1<11pp00003vP10,4*17
!AIVDM,1,1,,,E>kaVFL:VnrqLoKrFQPW0000000Lid>v<0te@00003vP10,4*35
!AIVDM,1,1,,,15MvtRd00;qSCBTGvBgPrP`f0H>?,0*4F
!AIVDM,1,1,,,15Mv5v0P1;IS1dtGrSNqfOwF08Ib,0*28
!AIVDM,1,1,,,15MvtRd00;qSCD4GvBthv0aF0<08,0*3A
!AIVDM,1,1,,,15NNhtP000qS@L4GupG;?@A608L0,0*47
!AIVDM,1,1,,,15Mv5v0P1:IS1LBGrRnIigv80@2T,0*43
!AIVDM,1,1,,,15NNhtP000qS@L4GupG;=PAp00Rd,0*51
!AIVDM,2,1,0,,55MvtR`00001L@;WSOH=8Tm<tr0Lhu9V2222220qa0JD=54nl75Dod6<0wd5j,0*3F
!AIVDM,2,2,0,,u`88888880,2*48
!AIVDM,1,1,,,15MvtRd006qSCFHGvC`Pohb60@2M,0*5D
!AIVDM,1,1,,,E>kaVEdbVnrqLoLLFW:W0000000Lid<D<0vvH00003vP10,4*3A
!AIVDM,1,1,,,15NNhtP000qS@KhGupG;=PAp0D08,0*40
!AIVDM,1,1,,,E>kaVEtbVnrqLoLrnW:W0000000Lid1i<104h00003vP10,4*39
!AIVDM,1,1,,,E>kaVF<bVnrqpGHpFW:W0000000Licl1<11pp00003vP10,4*17
!AIVDM,1,1,,,E>kaVFL:VnrqLoKrFQPW0000000Lid>v<0te@00003vP10,4*35
!AIVDM,1,1,,,E>kaVFt:VnrqpGHHnQPW0000000Lici6<10q`00003vP10,4*69
!AIVDM,1,1,,,15MvtRd004qSCG<GvCf0kP`f0@>?,0*5C
!AIVDM,1,1,,,15MvtRd003qSCFvGvCj@iPaD04;H,0*4B
!AIVDM,1,1,,,15NNhtP000qS@KhGupG;=PAp00Rr,0*1C
!AIVDM,1,1,,,15MvtRd002qSCGFGvCmPlP`60<08,0*69
!AIVDM,1,1,,,15Mv5v0P17IRwu0GrOcIawv8082T,0*32
!AIVDM,1,1,,,35NNhtP000qS@KhGupG;=PAp0DoM,0*68
!AIVDM,1,1,,,15MvtRd004qSCGdGvCr@eP`h0<08,0*15
!AIVDM,1,1,,,15NNhtP000qS@KhGupDc=PAp08@P,0*7F
!AIVDM,1,1,,,15Mv5v0P16IRwN`GrNj9tOwF0D06,0*6E
!AIVDM,1,1,,,15MvtRd003qSCGRGvCv0Q0aF00S4,0*48
!AIVDM,1,1,,,E>kaVEtbVnrqLoLrnW:W0000000Lid1i<104h00003vP10,4*39
!AIVDM,1,1,,,15NNhtP000qS@KhGupG;?@Af0<08,0*3C
!AIVDM,1,1,,,E>kaVF<bVnrqpGHpFW:W0000000Licl1<11pp00003vP10,4*17
!AIVDM,1,1,,,E>kaVFd:VnrqLoLJFQPW0000000Lid8V<0v:@00003vP10,4*59
!AIVDM,1,1,,,15Mv5v0P17IRvwJGrMgae?vf0@=w,0*23
!AIVDM,1,1,,,15MvtRd001qSCHHGvD3i9P`d08>?,0*01
!AIVDM,1,1,,,15NNhtP000qS@KhGupG;?@@P04;P,0*60
!AIVDM,1,1,,,15MvtRd000qSCHHGvD40PPaF0<08,0*19
!AIVDM,1,1,,,15NNhtP000qS@KhGupDc=PAp08Kh,0*4C
!AIVDM,1,1,,,15MvtRd000qSCGnGvD38P0aH08Ir,0*66
!AIVDM,1,1,,,15NNhtP000qS@KLGupG;=PAp04;T,0*73
!AIVDM,1,1,,,15NNhtP000qS@KLGupG;=PAp04;`,0*47
!AIVDM,1,1,,,E>kaVEtbVnrqLoLrnW:W0000000Lid1i<104h00003vP10,4*39
!AIVDM,1,1,,,E>kaVFL:VnrqLoKrFQPW0000000Lid>v<0te@00003vP10,4*35
!AIVDM,1,1,,,E>kaVFd:VnrqLoLJFQPW0000000Lid8V<0v:@00003vP10,4*59
!AIVDM,1,1,,,E>kaVFt:VnrqpGHHnQPW0000000Lici6<10q`00003vP10,4*69
!AIVDM,1,1,,,15MvtRd001qSCGpGvD5=CPbf00Rg,0*22
!AIVDM,1,1,,,15NNhtP000qS@KLGupG;=PCp0<08,0*1E
!AIVDM,1,1,,,15Mv5v0P18IRuAPGrJKqk?wF08IT,0*38
!AIVDM,1,1,,,15MvtRd001qSCGvGvD5KVPb40@1l,0*0D
!AIVDM,1,1,,,35MvtRd001qSCH4GvD5Wb0bd0COe,0*2E
!AIVDM,1,1,,,15NNhtP000qS@KhGupG;?@BL08?s,0*55
!AIVDM,1,1,,,15N`fBd00VqSFU8H1K9QU1K204;d,0*4E
!AIVDM,1,1,,,15Mv5v0P18IRtR0GrHk9fwwF04;d,0*2B
!AIVDM,1,1,,,15MvtRd000qSCH4GvD4nuhcH00Rb,0*1E
!AIVDM,1,1,,,15NNhtP000qS@KhGupG;?@C60L08,0*1E
!AIVDM,1,1,,,15MvtRd000qSCGtGvD5DE0`60<08,0*5B
!AIVDM,1,1,,,15Mv5v0P19IRtAfGrH=qd?v8082m,0*48
!AIVDM,1,1,,,E>kaVEdbVnrqLoLLFW:W0000000Lid<D<0vvH00003vP10,4*3A
!AIVDM,1,1,,,15NNhtP000qS@KhGupIc=PCp0@3v,0*5D
!AIVDM,1,1,,,E>kaVEtbVnrqLoLrnW:W0000000Lid1i<104h00003vP10,4*39
!AIVDM,1,1,,,E>kaVFL:VnrqLoKrFQPW0000000Lid>v<0te@00003vP10,4*35
!AIVDM,1,1,,,E>kaVFd:VnrqLoLJFQPW0000000Lid8V<0v:@00003vP10,4*59
!AIVDM,1,1,,,E>kaVFt:VnrqpGHHnQPW0000000Lici6<10q`00003vP10,4*69
!AIVDM,1,1,,,15MvtRd000qSCGnGvD5DDP`f0L08,0*00
!AIVDM,1,1,,,15Mv5v0P18IRt34GrGdIjgvf00SC,0*48
!AIVDM,1,1,,,15NNhtP000qS@K8GupG;=PEp04@0,0*1C
!AIVDM,1,1,,,15MvtRd001qSCHJGvD52b0`6081l,0*6B
!AIVDM,1,1,,,15Mv5v0P0jIRsUdGrFpJGgv804@4,0*2F
!AIVDM,1,1,,,15NNhtP000qS@K8GupG;=PEp0<08,0*6C
!AIVDM,1,1,,,15NNhtP000qS@K8GupG;?@DN00SN,0*58
!AIVDM,1,1,,,15Mv5v0P0bIRsC0GrGG;hOwD0L06,0*52
!AIVDM,1,1,,,15MvtRd000qSCGpGvD6ei0aD0<08,0*22
!AIVDM,1,1,,,15NNhtP000qS@KhGupG;=PCp0D08,0*42
!AIVDM,1,1,,,E>kaVEdbVnrqLoLLFW:W0000000Lid<D<0vvH00003vP10,4*3A
!AIVDM,1,1,,,15MvtRd000qSCGtGvD6MR0`604@8,0*3E
!AIVDM,1,1,,,15Mv5v0P0`IRs;LGrGqd=Ov800Rb,0*5F
!AIVDM,1,1,,,15NNhtP000qS@KhGupG;=PB4083v,0*36
!AIVDM,1,1,,,E>kaVF<bVnrqpGHpFW:W0000000Licl1<11pp00003vP10,4*17
!AIVDM,1,1,,,E>kaVFd:VnrqLoLJFQPW0000000Lid8V<0v:@00003vP10,4*59
!AIVDM,1,1,,,15MvtRd001qSCGrGvD7Ma0`f0D08,0*5B
!AIVDM,1,1,,,15NNhtP000qS@K8GupG;=PCp0<08,0*6A
!AIVDM,1,1,,,15Mv5v0P0RIRrstGrHIs9?wD0HI=,0*09
!AIVDM,1,1,,,15NNhtP000qS@K8GupG;=PCp0@Kg,0*32
!AIVDM,1,1,,,E>k`?4PVC2@HqP0000000000000Liaj9;w:u800000uP20,4*4D
!AIVDM,1,1,,,15Mv5v0P0=IRrobGrHQJogv60<06,0*36
!AIVDM,1,1,,,15NNhtP000qS@K8GupG;?@Cf04@<,0*12
!AIVDM,1,1,,,15MvtRd000qSCH2GvD7dkh`d0@=l,0*31
!AIVDM,1,1,,,15NNhtP000qS@KLGupDc=PEp08@?,0*30
!AIVDM,1,1,,,15MvtRd000qSCH0GvD6tkhaD04@<,0*5A
!AIVDM,1,1,,,15NNhtP000qS@KLGupDc=PEp0<08,0*43
!AIVDM,1,1,,,E>kaVEdbVnrqLoLLFW:W0000000Lid<D<0vvH00003vP10,4*3A
!AIVDM,1,1,,,15MvtRd000qSCGvGvD6dkh`60H2M,0*0F
!AIVDM,1,1,,,15NNhtP000qS@JlGupDc?@Ef00SJ,0*7B
!AIVDM,1,1,,,E>kaVEtbVnrqLoLrnW:W0000000Lid1i<104h00003vP10,4*39
!AIVDM,1,1,,,E>kaVF<bVnrqpGHpFW:W0000000Licl1<11pp00003vP10,4*17
!AIVDM,1,1,,,E>kaVFL:VnrqLoKrFQPW0000000Lid>v<0te@00003vP10,4*35
!AIVDM,1,1,,,E>kaVFd:VnrqLoLJFQPW0000000Lid8V<0v:@00003vP10,4*59
!AIVDM,1,1,,,E>kaVFt:VnrqpGHHnQPW0000000Lici6<10q`00003vP10,4*69
!AIVDM,1,1,,,15MvtRd000qSCGrGvD5tkh`d0<08,0*49
!AIVDM,1,1,,,15NNhtP000qS@JlGupDc?@DP04@@,0*51
!AIVDM,1,1,,,15MvtRd001qSCHLGvD61:@aD00SP,0*60
!AIVDM,1,1,,,15NNhtP000qS@KLGupDc?@Ef0D08,0*3F
!AIVDM,2,1,1,,55MvtR`00001L@;WSOH=8Tm<tr0Lhu9V2222220qa0JD=54nl75Dod6<0wd5j,0*3E
!AIVDM,2,2,1,,u`88888880,2*49
!AIVDM,1,1,,,15MvtRd000qSCGpGvD6>10`d08=l,0*5D
!AIVDM,1,1,,,15NNhtP000qS@KLGupDc=PEp00S2,0*26
