[06-May-2021 00:19:34 UTC] PHP Warning:  include_once(classes\ais.2.php): failed to open stream: No such file or directory in E:\xampp\htdocs\mdm-crt\daemon2\plotserver.php on line 4
[06-May-2021 00:19:34 UTC] PHP Warning:  include_once(): Failed opening 'classes\ais.2.php' for inclusion (include_path='.;E:\xampp\php\includes') in E:\xampp\htdocs\mdm-crt\daemon2\plotserver.php on line 4
[06-May-2021 00:19:34 UTC] PHP Fatal error:  Class 'AIS' not found in E:\xampp\htdocs\mdm-crt\daemon2\plotserver.php on line 41
[06-May-2021 01:51:44 UTC] PHP Parse error:  syntax error, unexpected '}' in E:\xampp\htdocs\mdm-crt\daemon2\classes\LivePlot.class.php on line 58
[06-May-2021 01:54:13 UTC] PHP Notice:  Undefined offset: 1 in E:\xampp\htdocs\mdm-crt\daemon2\classes\LivePlot.class.php on line 64
[06-May-2021 02:09:16 UTC] PHP Notice:  Undefined property: LivePlot::$mmsi in E:\xampp\htdocs\mdm-crt\daemon2\classes\LivePlot.class.php on line 48
[06-May-2021 02:09:22 UTC] PHP Notice:  Undefined property: LivePlot::$mmsi in E:\xampp\htdocs\mdm-crt\daemon2\classes\LivePlot.class.php on line 48
[06-May-2021 02:09:42 UTC] PHP Notice:  Undefined property: LivePlot::$mmsi in E:\xampp\htdocs\mdm-crt\daemon2\classes\LivePlot.class.php on line 48
[06-May-2021 02:09:55 UTC] PHP Notice:  Undefined property: LivePlot::$mmsi in E:\xampp\htdocs\mdm-crt\daemon2\classes\LivePlot.class.php on line 48
[06-May-2021 02:09:55 UTC] PHP Notice:  Undefined property: LivePlot::$mmsi in E:\xampp\htdocs\mdm-crt\daemon2\classes\LivePlot.class.php on line 48
[06-May-2021 02:10:02 UTC] PHP Notice:  Undefined property: LivePlot::$mmsi in E:\xampp\htdocs\mdm-crt\daemon2\classes\LivePlot.class.php on line 48
[06-May-2021 02:10:13 UTC] PHP Notice:  Undefined property: LivePlot::$mmsi in E:\xampp\htdocs\mdm-crt\daemon2\classes\LivePlot.class.php on line 48
[06-May-2021 02:10:14 UTC] PHP Notice:  Undefined property: LivePlot::$mmsi in E:\xampp\htdocs\mdm-crt\daemon2\classes\LivePlot.class.php on line 48
[06-May-2021 02:10:22 UTC] PHP Notice:  Undefined property: LivePlot::$mmsi in E:\xampp\htdocs\mdm-crt\daemon2\classes\LivePlot.class.php on line 48
[06-May-2021 02:11:02 UTC] PHP Notice:  Undefined property: LivePlot::$mmsi in E:\xampp\htdocs\mdm-crt\daemon2\classes\LivePlot.class.php on line 48
[06-May-2021 02:11:13 UTC] PHP Notice:  Undefined property: LivePlot::$mmsi in E:\xampp\htdocs\mdm-crt\daemon2\classes\LivePlot.class.php on line 48
[06-May-2021 02:11:14 UTC] PHP Notice:  Undefined property: LivePlot::$mmsi in E:\xampp\htdocs\mdm-crt\daemon2\classes\LivePlot.class.php on line 48
[06-May-2021 02:11:34 UTC] PHP Notice:  Undefined property: LivePlot::$mmsi in E:\xampp\htdocs\mdm-crt\daemon2\classes\LivePlot.class.php on line 48
[06-May-2021 02:12:14 UTC] PHP Notice:  Undefined property: LivePlot::$mmsi in E:\xampp\htdocs\mdm-crt\daemon2\classes\LivePlot.class.php on line 48
[06-May-2021 02:12:23 UTC] PHP Notice:  Undefined property: LivePlot::$mmsi in E:\xampp\htdocs\mdm-crt\daemon2\classes\LivePlot.class.php on line 48
[06-May-2021 02:13:16 UTC] PHP Notice:  Undefined property: LivePlot::$mmsi in E:\xampp\htdocs\mdm-crt\daemon2\classes\LivePlot.class.php on line 48
[06-May-2021 02:13:54 UTC] PHP Notice:  Undefined property: LivePlot::$mmsi in E:\xampp\htdocs\mdm-crt\daemon2\classes\LivePlot.class.php on line 48
[06-May-2021 02:13:56 UTC] PHP Notice:  Undefined property: LivePlot::$mmsi in E:\xampp\htdocs\mdm-crt\daemon2\classes\LivePlot.class.php on line 48
[06-May-2021 02:14:13 UTC] PHP Notice:  Undefined property: LivePlot::$mmsi in E:\xampp\htdocs\mdm-crt\daemon2\classes\LivePlot.class.php on line 48
[06-May-2021 02:14:16 UTC] PHP Notice:  Undefined property: LivePlot::$mmsi in E:\xampp\htdocs\mdm-crt\daemon2\classes\LivePlot.class.php on line 48
[06-May-2021 02:14:22 UTC] PHP Notice:  Undefined property: LivePlot::$mmsi in E:\xampp\htdocs\mdm-crt\daemon2\classes\LivePlot.class.php on line 48
[06-May-2021 02:14:33 UTC] PHP Notice:  Undefined property: LivePlot::$mmsi in E:\xampp\htdocs\mdm-crt\daemon2\classes\LivePlot.class.php on line 48
[06-May-2021 02:14:42 UTC] PHP Notice:  Undefined property: LivePlot::$mmsi in E:\xampp\htdocs\mdm-crt\daemon2\classes\LivePlot.class.php on line 48
[06-May-2021 02:14:54 UTC] PHP Notice:  Undefined property: LivePlot::$mmsi in E:\xampp\htdocs\mdm-crt\daemon2\classes\LivePlot.class.php on line 48
[06-May-2021 02:14:56 UTC] PHP Notice:  Undefined property: LivePlot::$mmsi in E:\xampp\htdocs\mdm-crt\daemon2\classes\LivePlot.class.php on line 48
[06-May-2021 02:15:13 UTC] PHP Notice:  Undefined property: LivePlot::$mmsi in E:\xampp\htdocs\mdm-crt\daemon2\classes\LivePlot.class.php on line 48
[06-May-2021 02:15:22 UTC] PHP Notice:  Undefined property: LivePlot::$mmsi in E:\xampp\htdocs\mdm-crt\daemon2\classes\LivePlot.class.php on line 48
[06-May-2021 02:15:33 UTC] PHP Notice:  Undefined property: LivePlot::$mmsi in E:\xampp\htdocs\mdm-crt\daemon2\classes\LivePlot.class.php on line 48
[06-May-2021 02:15:34 UTC] PHP Notice:  Undefined property: LivePlot::$mmsi in E:\xampp\htdocs\mdm-crt\daemon2\classes\LivePlot.class.php on line 48
[06-May-2021 02:15:42 UTC] PHP Notice:  Undefined property: LivePlot::$mmsi in E:\xampp\htdocs\mdm-crt\daemon2\classes\LivePlot.class.php on line 48
[06-May-2021 02:15:54 UTC] PHP Notice:  Undefined property: LivePlot::$mmsi in E:\xampp\htdocs\mdm-crt\daemon2\classes\LivePlot.class.php on line 48
[06-May-2021 02:16:13 UTC] PHP Notice:  Undefined property: LivePlot::$mmsi in E:\xampp\htdocs\mdm-crt\daemon2\classes\LivePlot.class.php on line 48
[06-May-2021 02:16:22 UTC] PHP Notice:  Undefined property: LivePlot::$mmsi in E:\xampp\htdocs\mdm-crt\daemon2\classes\LivePlot.class.php on line 48
[06-May-2021 02:16:33 UTC] PHP Notice:  Undefined property: LivePlot::$mmsi in E:\xampp\htdocs\mdm-crt\daemon2\classes\LivePlot.class.php on line 48
[06-May-2021 02:17:02 UTC] PHP Notice:  Undefined property: LivePlot::$mmsi in E:\xampp\htdocs\mdm-crt\daemon2\classes\LivePlot.class.php on line 48
[06-May-2021 02:17:16 UTC] PHP Notice:  Undefined property: LivePlot::$mmsi in E:\xampp\htdocs\mdm-crt\daemon2\classes\LivePlot.class.php on line 48
[06-May-2021 02:17:33 UTC] PHP Notice:  Undefined property: LivePlot::$mmsi in E:\xampp\htdocs\mdm-crt\daemon2\classes\LivePlot.class.php on line 48
[06-May-2021 02:17:34 UTC] PHP Notice:  Undefined property: LivePlot::$mmsi in E:\xampp\htdocs\mdm-crt\daemon2\classes\LivePlot.class.php on line 48
[06-May-2021 02:17:54 UTC] PHP Notice:  Undefined property: LivePlot::$mmsi in E:\xampp\htdocs\mdm-crt\daemon2\classes\LivePlot.class.php on line 48
[06-May-2021 02:18:14 UTC] PHP Notice:  Undefined property: LivePlot::$mmsi in E:\xampp\htdocs\mdm-crt\daemon2\classes\LivePlot.class.php on line 48
[06-May-2021 02:18:33 UTC] PHP Notice:  Undefined property: LivePlot::$mmsi in E:\xampp\htdocs\mdm-crt\daemon2\classes\LivePlot.class.php on line 48
[06-May-2021 02:19:02 UTC] PHP Notice:  Undefined property: LivePlot::$mmsi in E:\xampp\htdocs\mdm-crt\daemon2\classes\LivePlot.class.php on line 48
[06-May-2021 02:19:14 UTC] PHP Notice:  Undefined property: LivePlot::$mmsi in E:\xampp\htdocs\mdm-crt\daemon2\classes\LivePlot.class.php on line 48
[06-May-2021 02:19:23 UTC] PHP Notice:  Undefined property: LivePlot::$mmsi in E:\xampp\htdocs\mdm-crt\daemon2\classes\LivePlot.class.php on line 48
[06-May-2021 02:19:34 UTC] PHP Notice:  Undefined property: LivePlot::$mmsi in E:\xampp\htdocs\mdm-crt\daemon2\classes\LivePlot.class.php on line 48
[06-May-2021 02:19:43 UTC] PHP Notice:  Undefined property: LivePlot::$mmsi in E:\xampp\htdocs\mdm-crt\daemon2\classes\LivePlot.class.php on line 48
[06-May-2021 02:19:54 UTC] PHP Notice:  Undefined property: LivePlot::$mmsi in E:\xampp\htdocs\mdm-crt\daemon2\classes\LivePlot.class.php on line 48
[06-May-2021 02:19:55 UTC] PHP Notice:  Undefined property: LivePlot::$mmsi in E:\xampp\htdocs\mdm-crt\daemon2\classes\LivePlot.class.php on line 48
[06-May-2021 02:20:14 UTC] PHP Notice:  Undefined property: LivePlot::$mmsi in E:\xampp\htdocs\mdm-crt\daemon2\classes\LivePlot.class.php on line 48
[06-May-2021 02:20:23 UTC] PHP Notice:  Undefined property: LivePlot::$mmsi in E:\xampp\htdocs\mdm-crt\daemon2\classes\LivePlot.class.php on line 48
[06-May-2021 02:20:33 UTC] PHP Notice:  Undefined property: LivePlot::$mmsi in E:\xampp\htdocs\mdm-crt\daemon2\classes\LivePlot.class.php on line 48
[06-May-2021 02:20:42 UTC] PHP Notice:  Undefined property: LivePlot::$mmsi in E:\xampp\htdocs\mdm-crt\daemon2\classes\LivePlot.class.php on line 48
[06-May-2021 02:20:53 UTC] PHP Notice:  Undefined property: LivePlot::$mmsi in E:\xampp\htdocs\mdm-crt\daemon2\classes\LivePlot.class.php on line 48
[06-May-2021 02:21:05 UTC] PHP Notice:  Undefined offset: 1 in E:\xampp\htdocs\mdm-crt\daemon2\classes\LivePlot.class.php on line 70
[06-May-2021 02:21:05 UTC] PHP Notice:  Undefined property: LivePlot::$mmsi in E:\xampp\htdocs\mdm-crt\daemon2\classes\LivePlot.class.php on line 48
[06-May-2021 02:21:13 UTC] PHP Notice:  Undefined property: LivePlot::$mmsi in E:\xampp\htdocs\mdm-crt\daemon2\classes\LivePlot.class.php on line 48
[06-May-2021 02:21:16 UTC] PHP Notice:  Undefined property: LivePlot::$mmsi in E:\xampp\htdocs\mdm-crt\daemon2\classes\LivePlot.class.php on line 48
[06-May-2021 02:21:23 UTC] PHP Notice:  Undefined property: LivePlot::$mmsi in E:\xampp\htdocs\mdm-crt\daemon2\classes\LivePlot.class.php on line 48
[06-May-2021 02:21:34 UTC] PHP Notice:  Undefined property: LivePlot::$mmsi in E:\xampp\htdocs\mdm-crt\daemon2\classes\LivePlot.class.php on line 48
[06-May-2021 02:21:42 UTC] PHP Notice:  Undefined property: LivePlot::$mmsi in E:\xampp\htdocs\mdm-crt\daemon2\classes\LivePlot.class.php on line 48
[06-May-2021 02:21:53 UTC] PHP Notice:  Undefined property: LivePlot::$mmsi in E:\xampp\htdocs\mdm-crt\daemon2\classes\LivePlot.class.php on line 48
[06-May-2021 02:21:55 UTC] PHP Notice:  Undefined property: LivePlot::$mmsi in E:\xampp\htdocs\mdm-crt\daemon2\classes\LivePlot.class.php on line 48
[06-May-2021 02:22:02 UTC] PHP Notice:  Undefined property: LivePlot::$mmsi in E:\xampp\htdocs\mdm-crt\daemon2\classes\LivePlot.class.php on line 48
[06-May-2021 02:22:13 UTC] PHP Notice:  Undefined property: LivePlot::$mmsi in E:\xampp\htdocs\mdm-crt\daemon2\classes\LivePlot.class.php on line 48
[06-May-2021 02:22:33 UTC] PHP Notice:  Undefined property: LivePlot::$mmsi in E:\xampp\htdocs\mdm-crt\daemon2\classes\LivePlot.class.php on line 48
[06-May-2021 02:22:36 UTC] PHP Notice:  Undefined property: LivePlot::$mmsi in E:\xampp\htdocs\mdm-crt\daemon2\classes\LivePlot.class.php on line 48
[06-May-2021 02:22:43 UTC] PHP Notice:  Undefined property: LivePlot::$mmsi in E:\xampp\htdocs\mdm-crt\daemon2\classes\LivePlot.class.php on line 48
[06-May-2021 02:22:55 UTC] PHP Notice:  Undefined property: LivePlot::$mmsi in E:\xampp\htdocs\mdm-crt\daemon2\classes\LivePlot.class.php on line 48
[06-May-2021 02:23:23 UTC] PHP Notice:  Undefined property: LivePlot::$mmsi in E:\xampp\htdocs\mdm-crt\daemon2\classes\LivePlot.class.php on line 48
[06-May-2021 02:23:42 UTC] PHP Notice:  Undefined property: LivePlot::$mmsi in E:\xampp\htdocs\mdm-crt\daemon2\classes\LivePlot.class.php on line 48
[06-May-2021 02:23:54 UTC] PHP Notice:  Undefined property: LivePlot::$mmsi in E:\xampp\htdocs\mdm-crt\daemon2\classes\LivePlot.class.php on line 48
[06-May-2021 02:24:15 UTC] PHP Notice:  Undefined property: LivePlot::$mmsi in E:\xampp\htdocs\mdm-crt\daemon2\classes\LivePlot.class.php on line 48
[06-May-2021 02:24:23 UTC] PHP Notice:  Undefined property: LivePlot::$mmsi in E:\xampp\htdocs\mdm-crt\daemon2\classes\LivePlot.class.php on line 48
[06-May-2021 02:24:33 UTC] PHP Notice:  Undefined property: LivePlot::$mmsi in E:\xampp\htdocs\mdm-crt\daemon2\classes\LivePlot.class.php on line 48
[06-May-2021 02:25:22 UTC] PHP Notice:  Undefined property: LivePlot::$mmsi in E:\xampp\htdocs\mdm-crt\daemon2\classes\LivePlot.class.php on line 48
[06-May-2021 02:25:33 UTC] PHP Notice:  Undefined property: LivePlot::$mmsi in E:\xampp\htdocs\mdm-crt\daemon2\classes\LivePlot.class.php on line 48
[06-May-2021 02:26:03 UTC] PHP Notice:  Undefined property: LivePlot::$mmsi in E:\xampp\htdocs\mdm-crt\daemon2\classes\LivePlot.class.php on line 48
[06-May-2021 02:26:15 UTC] PHP Notice:  Undefined property: LivePlot::$mmsi in E:\xampp\htdocs\mdm-crt\daemon2\classes\LivePlot.class.php on line 48
[06-May-2021 02:26:23 UTC] PHP Notice:  Undefined property: LivePlot::$mmsi in E:\xampp\htdocs\mdm-crt\daemon2\classes\LivePlot.class.php on line 48
[06-May-2021 02:26:36 UTC] PHP Notice:  Undefined property: LivePlot::$mmsi in E:\xampp\htdocs\mdm-crt\daemon2\classes\LivePlot.class.php on line 48
[06-May-2021 02:26:43 UTC] PHP Notice:  Undefined property: LivePlot::$mmsi in E:\xampp\htdocs\mdm-crt\daemon2\classes\LivePlot.class.php on line 48
[06-May-2021 02:27:03 UTC] PHP Notice:  Undefined property: LivePlot::$mmsi in E:\xampp\htdocs\mdm-crt\daemon2\classes\LivePlot.class.php on line 48
[06-May-2021 02:27:35 UTC] PHP Notice:  Undefined property: LivePlot::$mmsi in E:\xampp\htdocs\mdm-crt\daemon2\classes\LivePlot.class.php on line 48
[06-May-2021 02:27:43 UTC] PHP Notice:  Undefined property: LivePlot::$mmsi in E:\xampp\htdocs\mdm-crt\daemon2\classes\LivePlot.class.php on line 48
[06-May-2021 02:27:53 UTC] PHP Notice:  Undefined property: LivePlot::$mmsi in E:\xampp\htdocs\mdm-crt\daemon2\classes\LivePlot.class.php on line 48
[06-May-2021 02:28:03 UTC] PHP Notice:  Undefined property: LivePlot::$mmsi in E:\xampp\htdocs\mdm-crt\daemon2\classes\LivePlot.class.php on line 48
[06-May-2021 02:28:15 UTC] PHP Notice:  Undefined property: LivePlot::$mmsi in E:\xampp\htdocs\mdm-crt\daemon2\classes\LivePlot.class.php on line 48
[06-May-2021 02:28:34 UTC] PHP Notice:  Undefined property: LivePlot::$mmsi in E:\xampp\htdocs\mdm-crt\daemon2\classes\LivePlot.class.php on line 48
[06-May-2021 02:28:53 UTC] PHP Notice:  Undefined property: LivePlot::$mmsi in E:\xampp\htdocs\mdm-crt\daemon2\classes\LivePlot.class.php on line 48
[06-May-2021 02:28:56 UTC] PHP Notice:  Undefined property: LivePlot::$mmsi in E:\xampp\htdocs\mdm-crt\daemon2\classes\LivePlot.class.php on line 48
[06-May-2021 02:29:14 UTC] PHP Notice:  Undefined property: LivePlot::$mmsi in E:\xampp\htdocs\mdm-crt\daemon2\classes\LivePlot.class.php on line 48
[06-May-2021 02:30:12 UTC] PHP Notice:  Undefined offset: 1 in E:\xampp\htdocs\mdm-crt\daemon2\classes\LivePlot.class.php on line 70
[06-May-2021 02:35:58 UTC] PHP Notice:  Undefined offset: 1 in E:\xampp\htdocs\mdm-crt\daemon2\classes\LivePlot.class.php on line 70
[06-May-2021 02:41:08 UTC] PHP Notice:  Undefined offset: 1 in E:\xampp\htdocs\mdm-crt\daemon2\classes\LivePlot.class.php on line 70
[06-May-2021 02:53:08 UTC] PHP Notice:  Undefined offset: 1 in E:\xampp\htdocs\mdm-crt\daemon2\classes\LivePlot.class.php on line 70
[06-May-2021 03:01:37 UTC] PHP Notice:  Undefined offset: 1 in E:\xampp\htdocs\mdm-crt\daemon2\classes\LivePlot.class.php on line 70
[06-May-2021 03:17:08 UTC] PHP Notice:  Undefined offset: 1 in E:\xampp\htdocs\mdm-crt\daemon2\classes\LivePlot.class.php on line 70
[06-May-2021 03:27:20 UTC] PHP Parse error:  syntax error, unexpected '.' in E:\xampp\htdocs\mdm-crt\daemon2\classes\MyAIS.class.php on line 88
[07-May-2021 01:53:07 UTC] PHP Notice:  Undefined offset: 1 in E:\xampp\htdocs\mdm-crt\daemon2\classes\LivePlot.class.php on line 72
[07-May-2021 01:56:33 UTC] PHP Parse error:  syntax error, unexpected '}' in E:\xampp\htdocs\mdm-crt\daemon2\classes\PlotDaemon.class.php on line 109
[07-May-2021 02:05:08 UTC] PHP Notice:  Undefined offset: 1 in E:\xampp\htdocs\mdm-crt\daemon2\classes\LivePlot.class.php on line 72
[07-May-2021 02:17:07 UTC] PHP Notice:  Undefined offset: 1 in E:\xampp\htdocs\mdm-crt\daemon2\classes\LivePlot.class.php on line 72
[07-May-2021 02:29:09 UTC] PHP Notice:  Undefined offset: 1 in E:\xampp\htdocs\mdm-crt\daemon2\classes\LivePlot.class.php on line 72
[07-May-2021 02:34:28 UTC] PHP Notice:  Undefined offset: 1 in E:\xampp\htdocs\mdm-crt\daemon2\classes\LivePlot.class.php on line 72
[07-May-2021 02:41:10 UTC] PHP Notice:  Undefined offset: 1 in E:\xampp\htdocs\mdm-crt\daemon2\classes\LivePlot.class.php on line 72
[07-May-2021 02:53:08 UTC] PHP Notice:  Undefined offset: 1 in E:\xampp\htdocs\mdm-crt\daemon2\classes\LivePlot.class.php on line 72
[07-May-2021 02:58:28 UTC] PHP Notice:  Undefined offset: 1 in E:\xampp\htdocs\mdm-crt\daemon2\classes\LivePlot.class.php on line 72
[07-May-2021 02:58:53 UTC] PHP Parse error:  syntax error, unexpected '$o' (T_VARIABLE) in E:\xampp\htdocs\mdm-crt\daemon2\classes\PlotDaemon.class.php on line 187
[07-May-2021 03:02:19 UTC] PHP Parse error:  syntax error, unexpected '$o' (T_VARIABLE) in E:\xampp\htdocs\mdm-crt\daemon2\classes\PlotDaemon.class.php on line 188
[07-May-2021 03:06:09 UTC] PHP Parse error:  syntax error, unexpected '$o' (T_VARIABLE) in E:\xampp\htdocs\mdm-crt\daemon2\classes\PlotDaemon.class.php on line 192
[07-May-2021 03:09:36 UTC] PHP Fatal error:  Uncaught Error: Class 'PlotDaemon' not found in E:\xampp\htdocs\mdm-crt\daemon2\plotserver.php:47
Stack trace:
#0 {main}
  thrown in E:\xampp\htdocs\mdm-crt\daemon2\plotserver.php on line 47
[07-May-2021 03:11:10 UTC] PHP Parse error:  syntax error, unexpected '$obj' (T_VARIABLE) in E:\xampp\htdocs\mdm-crt\daemon2\classes\PlotDaemon.class.php on line 192
[07-May-2021 03:11:53 UTC] PHP Parse error:  syntax error, unexpected '$this' (T_VARIABLE), expecting ',' or ';' in E:\xampp\htdocs\mdm-crt\daemon2\classes\PlotDaemon.class.php on line 215
[07-May-2021 03:12:26 UTC] PHP Fatal error:  Uncaught Error: Class 'PlotDaemon' not found in E:\xampp\htdocs\mdm-crt\daemon2\plotserver.php:47
Stack trace:
#0 {main}
  thrown in E:\xampp\htdocs\mdm-crt\daemon2\plotserver.php on line 47
[07-May-2021 03:12:45 UTC] PHP Fatal error:  Cannot use try without catch or finally in E:\xampp\htdocs\mdm-crt\daemon2\classes\PlotDaemon.class.php on line 212
[07-May-2021 03:14:07 UTC] PHP Notice:  Undefined property: MyAIS::$destination in E:\xampp\htdocs\mdm-crt\daemon2\classes\LivePlot.class.php on line 37
[07-May-2021 03:14:07 UTC] PHP Notice:  Undefined property: MyAIS::$destination in E:\xampp\htdocs\mdm-crt\daemon2\classes\LivePlot.class.php on line 39
[07-May-2021 03:17:47 UTC] PHP Fatal error:  Uncaught Error: Cannot access protected property PlotDaemon::$destination in E:\xampp\htdocs\mdm-crt\daemon2\classes\LivePlot.class.php:37
Stack trace:
#0 E:\xampp\htdocs\mdm-crt\daemon2\classes\MyAIS.class.php(94): LivePlot->__construct(1620357467, '', 366967480, 41.8995, -90.153866666667, 0, 98.4, Object(PlotDaemon))
#1 E:\xampp\htdocs\mdm-crt\daemon2\classes\ais.2.php(131): MyAIS->decode_ais('000001000101011...', '')
#2 E:\xampp\htdocs\mdm-crt\daemon2\classes\ais.2.php(218): AIS->process_ais_itu('15Murf<P00ISCg0...', 28, 0, '')
#3 E:\xampp\htdocs\mdm-crt\daemon2\classes\ais.2.php(236): AIS->process_ais_raw('!AIVDM,1,1,,,15...', '')
#4 E:\xampp\htdocs\mdm-crt\daemon2\classes\PlotDaemon.class.php(101): AIS->process_ais_buf('!AIVDM,1,1,,,15...')
#5 E:\xampp\htdocs\mdm-crt\daemon2\classes\PlotDaemon.class.php(68): PlotDaemon->run()
#6 E:\xampp\htdocs\mdm-crt\daemon2\plotserver.php(48): PlotDaemon->start()
#7 {main}
  thrown in E:\xampp\htdocs\mdm-crt\daemon2\classes\LivePlot.class.php on line 37
[07-May-2021 03:18:34 UTC] PHP Fatal error:  Uncaught Error: Cannot access protected property PlotDaemon::$destination in E:\xampp\htdocs\mdm-crt\daemon2\classes\LivePlot.class.php:37
Stack trace:
#0 E:\xampp\htdocs\mdm-crt\daemon2\classes\MyAIS.class.php(94): LivePlot->__construct(1620357514, '', 366970360, 41.830753333333, -90.182098333333, 0, 350, Object(PlotDaemon))
#1 E:\xampp\htdocs\mdm-crt\daemon2\classes\ais.2.php(131): MyAIS->decode_ais('000001000101011...', '')
#2 E:\xampp\htdocs\mdm-crt\daemon2\classes\ais.2.php(218): AIS->process_ais_itu('15Mv5v0P00IS;Mb...', 28, 0, '')
#3 E:\xampp\htdocs\mdm-crt\daemon2\classes\ais.2.php(236): AIS->process_ais_raw('!AIVDM,1,1,,,15...', '')
#4 E:\xampp\htdocs\mdm-crt\daemon2\classes\PlotDaemon.class.php(101): AIS->process_ais_buf('!AIVDM,1,1,,,15...')
#5 E:\xampp\htdocs\mdm-crt\daemon2\classes\PlotDaemon.class.php(68): PlotDaemon->run()
#6 E:\xampp\htdocs\mdm-crt\daemon2\plotserver.php(48): PlotDaemon->start()
#7 {main}
  thrown in E:\xampp\htdocs\mdm-crt\daemon2\classes\LivePlot.class.php on line 37
[07-May-2021 03:22:28 UTC] PHP Notice:  Undefined offset: 1 in E:\xampp\htdocs\mdm-crt\daemon2\classes\LivePlot.class.php on line 83
[07-May-2021 03:29:08 UTC] PHP Notice:  Undefined offset: 1 in E:\xampp\htdocs\mdm-crt\daemon2\classes\LivePlot.class.php on line 83
[07-May-2021 03:34:28 UTC] PHP Notice:  Undefined offset: 1 in E:\xampp\htdocs\mdm-crt\daemon2\classes\LivePlot.class.php on line 83
[07-May-2021 03:41:09 UTC] PHP Notice:  Undefined offset: 1 in E:\xampp\htdocs\mdm-crt\daemon2\classes\LivePlot.class.php on line 83
[07-May-2021 03:46:28 UTC] PHP Notice:  Undefined offset: 1 in E:\xampp\htdocs\mdm-crt\daemon2\classes\LivePlot.class.php on line 83
[07-May-2021 03:53:10 UTC] PHP Notice:  Undefined offset: 1 in E:\xampp\htdocs\mdm-crt\daemon2\classes\LivePlot.class.php on line 83
[07-May-2021 03:58:28 UTC] PHP Notice:  Undefined offset: 1 in E:\xampp\htdocs\mdm-crt\daemon2\classes\LivePlot.class.php on line 83
[07-May-2021 04:05:07 UTC] PHP Notice:  Undefined offset: 1 in E:\xampp\htdocs\mdm-crt\daemon2\classes\LivePlot.class.php on line 83
[07-May-2021 04:10:28 UTC] PHP Notice:  Undefined offset: 1 in E:\xampp\htdocs\mdm-crt\daemon2\classes\LivePlot.class.php on line 83
[07-May-2021 04:29:10 UTC] PHP Notice:  Undefined offset: 1 in E:\xampp\htdocs\mdm-crt\daemon2\classes\LivePlot.class.php on line 83
[08-May-2021 00:29:07 UTC] PHP Notice:  Undefined offset: 1 in E:\xampp\htdocs\mdm-crt\daemon2\classes\LivePlot.class.php on line 83
[08-May-2021 00:41:07 UTC] PHP Notice:  Undefined offset: 1 in E:\xampp\htdocs\mdm-crt\daemon2\classes\LivePlot.class.php on line 83
[08-May-2021 00:53:07 UTC] PHP Notice:  Undefined offset: 1 in E:\xampp\htdocs\mdm-crt\daemon2\classes\LivePlot.class.php on line 83
[08-May-2021 00:53:07 UTC] PHP Notice:  Undefined offset: 1 in E:\xampp\htdocs\mdm-crt\daemon2\classes\LivePlot.class.php on line 83
[08-May-2021 01:29:08 UTC] PHP Notice:  Undefined offset: 1 in E:\xampp\htdocs\mdm-crt\daemon2\classes\LivePlot.class.php on line 83
[08-May-2021 01:40:17 UTC] PHP Notice:  Undefined offset: 1 in E:\xampp\htdocs\mdm-crt\daemon2\classes\LivePlot.class.php on line 83
[08-May-2021 01:41:07 UTC] PHP Notice:  Undefined offset: 1 in E:\xampp\htdocs\mdm-crt\daemon2\classes\LivePlot.class.php on line 83
[08-May-2021 02:28:18 UTC] PHP Notice:  Undefined offset: 1 in E:\xampp\htdocs\mdm-crt\daemon2\classes\LivePlot.class.php on line 83
[08-May-2021 02:29:08 UTC] PHP Notice:  Undefined offset: 1 in E:\xampp\htdocs\mdm-crt\daemon2\classes\LivePlot.class.php on line 83
[08-May-2021 02:29:47 UTC] PHP Notice:  Undefined offset: 1 in E:\xampp\htdocs\mdm-crt\daemon2\classes\LivePlot.class.php on line 83
[08-May-2021 02:30:17 UTC] PHP Notice:  Undefined offset: 1 in E:\xampp\htdocs\mdm-crt\daemon2\classes\LivePlot.class.php on line 83
[08-May-2021 02:41:11 UTC] PHP Notice:  Undefined offset: 1 in E:\xampp\htdocs\mdm-crt\daemon2\classes\LivePlot.class.php on line 83
[08-May-2021 02:54:47 UTC] PHP Notice:  Undefined offset: 1 in E:\xampp\htdocs\mdm-crt\daemon2\classes\LivePlot.class.php on line 83
[08-May-2021 03:06:28 UTC] PHP Notice:  Undefined offset: 1 in E:\xampp\htdocs\mdm-crt\daemon2\classes\LivePlot.class.php on line 83
[08-May-2021 03:54:29 UTC] PHP Notice:  Undefined offset: 1 in E:\xampp\htdocs\mdm-crt\daemon2\classes\LivePlot.class.php on line 83
[08-May-2021 04:04:17 UTC] PHP Notice:  Undefined offset: 1 in E:\xampp\htdocs\mdm-crt\daemon2\classes\LivePlot.class.php on line 83
[08-May-2021 04:06:29 UTC] PHP Notice:  Undefined offset: 1 in E:\xampp\htdocs\mdm-crt\daemon2\classes\LivePlot.class.php on line 83
[08-May-2021 04:09:12 UTC] PHP Notice:  Undefined offset: 1 in E:\xampp\htdocs\mdm-crt\daemon2\classes\LivePlot.class.php on line 83
[08-May-2021 04:17:09 UTC] PHP Notice:  Undefined offset: 1 in E:\xampp\htdocs\mdm-crt\daemon2\classes\LivePlot.class.php on line 83
[08-May-2021 04:18:29 UTC] PHP Notice:  Undefined offset: 1 in E:\xampp\htdocs\mdm-crt\daemon2\classes\LivePlot.class.php on line 83
[08-May-2021 04:24:14 UTC] PHP Fatal error:  Uncaught Error: Cannot use object of type stdClass as array in E:\xampp\htdocs\mdm-crt\daemon2\classes\LivePlot.class.php:111
Stack trace:
#0 E:\xampp\htdocs\mdm-crt\daemon2\classes\LivePlot.class.php(38): LivePlot->post(false)
#1 E:\xampp\htdocs\mdm-crt\daemon2\classes\MyAIS.class.php(95): LivePlot->__construct(1620447853, '', 366970360, 41.8245, -90.194478333333, 0, 219.4, Object(PlotDaemon))
#2 E:\xampp\htdocs\mdm-crt\daemon2\classes\ais.2.php(131): MyAIS->decode_ais('000001000101011...', '')
#3 E:\xampp\htdocs\mdm-crt\daemon2\classes\ais.2.php(218): AIS->process_ais_itu('15Mv5v0P00IS7mR...', 28, 0, '')
#4 E:\xampp\htdocs\mdm-crt\daemon2\classes\ais.2.php(236): AIS->process_ais_raw('!AIVDM,1,1,,,15...', '')
#5 E:\xampp\htdocs\mdm-crt\daemon2\classes\PlotDaemon.class.php(104): AIS->process_ais_buf('!AIVDM,1,1,,,15...')
#6 E:\xampp\htdocs\mdm-crt\daemon2\classes\PlotDaemon.class.php(71): PlotDaemon->run()
#7 E:\xampp\htdocs\mdm-crt\daemon2\plotserver.php(49): PlotDaemon->start()
#8 {main}
  thrown in E:\xampp\htdocs\mdm-crt\daemon2\classes\LivePlot.class.php on line 111
[08-May-2021 05:12:26 UTC] PHP Notice:  Undefined property: PlotDaemon::$plotDaemon in E:\xampp\htdocs\mdm-crt\daemon2\classes\PlotDaemon.class.php on line 73
[08-May-2021 05:12:26 UTC] PHP Notice:  Trying to get property 'destination' of non-object in E:\xampp\htdocs\mdm-crt\daemon2\classes\PlotDaemon.class.php on line 73
[08-May-2021 05:12:28 UTC] PHP Notice:  Undefined property: PlotDaemon::$plotDaemon in E:\xampp\htdocs\mdm-crt\daemon2\classes\PlotDaemon.class.php on line 113
[08-May-2021 05:12:28 UTC] PHP Notice:  Trying to get property 'destination' of non-object in E:\xampp\htdocs\mdm-crt\daemon2\classes\PlotDaemon.class.php on line 113
[08-May-2021 05:12:30 UTC] PHP Notice:  Undefined property: PlotDaemon::$plotDaemon in E:\xampp\htdocs\mdm-crt\daemon2\classes\PlotDaemon.class.php on line 113
[08-May-2021 05:12:30 UTC] PHP Notice:  Trying to get property 'destination' of non-object in E:\xampp\htdocs\mdm-crt\daemon2\classes\PlotDaemon.class.php on line 113
[08-May-2021 05:13:52 UTC] PHP Notice:  Undefined property: PlotDaemon::$plotDaemon in E:\xampp\htdocs\mdm-crt\daemon2\classes\PlotDaemon.class.php on line 73
[08-May-2021 05:13:52 UTC] PHP Notice:  Trying to get property 'destination' of non-object in E:\xampp\htdocs\mdm-crt\daemon2\classes\PlotDaemon.class.php on line 73
[08-May-2021 05:14:44 UTC] PHP Notice:  Undefined variable: apiKey in E:\xampp\htdocs\mdm-crt\daemon2\classes\PlotDaemon.class.php on line 275
[08-May-2021 05:17:10 UTC] PHP Notice:  Undefined offset: 1 in E:\xampp\htdocs\mdm-crt\daemon2\classes\LivePlot.class.php on line 83
[08-May-2021 05:39:07 UTC] PHP Warning:  Use of undefined constant API_DELETE_URL - assumed 'API_DELETE_URL' (this will throw an Error in a future version of PHP) in E:\xampp\htdocs\mdm-crt\daemon2\classes\PlotDaemon.class.php on line 278
[08-May-2021 05:39:07 UTC] PHP Notice:  Trying to get property 'message' of non-object in E:\xampp\htdocs\mdm-crt\daemon2\classes\PlotDaemon.class.php on line 279
[08-May-2021 05:51:09 UTC] PHP Notice:  Trying to get property 'message' of non-object in E:\xampp\htdocs\mdm-crt\daemon2\classes\PlotDaemon.class.php on line 279
[08-May-2021 05:56:16 UTC] PHP Notice:  Trying to get property 'message' of non-object in E:\xampp\htdocs\mdm-crt\daemon2\classes\PlotDaemon.class.php on line 279
[08-May-2021 06:04:18 UTC] PHP Notice:  Undefined offset: 1 in E:\xampp\htdocs\mdm-crt\daemon2\classes\LivePlot.class.php on line 83
[08-May-2021 06:05:09 UTC] PHP Notice:  Undefined offset: 1 in E:\xampp\htdocs\mdm-crt\daemon2\classes\LivePlot.class.php on line 83
[08-May-2021 06:16:12 UTC] PHP Notice:  Undefined offset: 1 in E:\xampp\htdocs\mdm-crt\daemon2\classes\LivePlot.class.php on line 83
[10-May-2021 00:32:01 UTC] PHP Parse error:  syntax error, unexpected '}', expecting ',' or ';' in E:\xampp\htdocs\mdm-crt\daemon2\classes\PlotDaemon.class.php on line 77
