[08-Sep-2020 20:45:59 UTC] Error saving new passage for Philip M. Pfeffer
[08-Sep-2020 20:46:30 UTC] Error saving new passage for Philip M. Pfeffer
[08-Sep-2020 20:47:00 UTC] Error saving new passage for Philip M. Pfeffer
[08-Sep-2020 20:47:31 UTC] Error saving new passage for Philip M. Pfeffer
[08-Sep-2020 20:57:13 UTC] PHP Fatal error:  Uncaught Exception: configStr must point to existing file. in C:\xampp\htdocs\mdm-crt\daemon\classes\crtdaemon.class.php:27
Stack trace:
#0 C:\xampp\htdocs\mdm-crt\daemon\crtdaemon.php(84): CRTdaemon->__construct(false)
#1 {main}
  thrown in C:\xampp\htdocs\mdm-crt\daemon\classes\crtdaemon.class.php on line 27
[08-Sep-2020 20:57:55 UTC] PHP Warning:  include(): Filename cannot be empty in C:\xampp\htdocs\mdm-crt\daemon\classes\dbh.class.php on line 22
[08-Sep-2020 20:57:55 UTC] PHP Warning:  include(): Failed opening '' for inclusion (include_path='.;c:\xampp\php\includes') in C:\xampp\htdocs\mdm-crt\daemon\classes\dbh.class.php on line 22
[08-Sep-2020 20:57:55 UTC] PHP Notice:  Trying to access array offset on value of type bool in C:\xampp\htdocs\mdm-crt\daemon\classes\dbh.class.php on line 23
[08-Sep-2020 20:57:55 UTC] PHP Notice:  Trying to access array offset on value of type bool in C:\xampp\htdocs\mdm-crt\daemon\classes\dbh.class.php on line 24
[08-Sep-2020 20:57:55 UTC] PHP Notice:  Trying to access array offset on value of type bool in C:\xampp\htdocs\mdm-crt\daemon\classes\dbh.class.php on line 25
[08-Sep-2020 20:57:55 UTC] PHP Notice:  Trying to access array offset on value of type bool in C:\xampp\htdocs\mdm-crt\daemon\classes\dbh.class.php on line 26
[08-Sep-2020 20:57:55 UTC] PHP Warning:  include(): Filename cannot be empty in C:\xampp\htdocs\mdm-crt\daemon\classes\dbh.class.php on line 22
[08-Sep-2020 20:57:55 UTC] PHP Warning:  include(): Failed opening '' for inclusion (include_path='.;c:\xampp\php\includes') in C:\xampp\htdocs\mdm-crt\daemon\classes\dbh.class.php on line 22
[08-Sep-2020 20:57:55 UTC] PHP Notice:  Trying to access array offset on value of type bool in C:\xampp\htdocs\mdm-crt\daemon\classes\dbh.class.php on line 23
[08-Sep-2020 20:57:55 UTC] PHP Notice:  Trying to access array offset on value of type bool in C:\xampp\htdocs\mdm-crt\daemon\classes\dbh.class.php on line 24
[08-Sep-2020 20:57:55 UTC] PHP Notice:  Trying to access array offset on value of type bool in C:\xampp\htdocs\mdm-crt\daemon\classes\dbh.class.php on line 25
[08-Sep-2020 20:57:55 UTC] PHP Notice:  Trying to access array offset on value of type bool in C:\xampp\htdocs\mdm-crt\daemon\classes\dbh.class.php on line 26
[08-Sep-2020 20:57:55 UTC] PHP Warning:  include(): Filename cannot be empty in C:\xampp\htdocs\mdm-crt\daemon\classes\dbh.class.php on line 22
[08-Sep-2020 20:57:55 UTC] PHP Warning:  include(): Failed opening '' for inclusion (include_path='.;c:\xampp\php\includes') in C:\xampp\htdocs\mdm-crt\daemon\classes\dbh.class.php on line 22
[08-Sep-2020 20:57:55 UTC] PHP Notice:  Trying to access array offset on value of type bool in C:\xampp\htdocs\mdm-crt\daemon\classes\dbh.class.php on line 23
[08-Sep-2020 20:57:55 UTC] PHP Notice:  Trying to access array offset on value of type bool in C:\xampp\htdocs\mdm-crt\daemon\classes\dbh.class.php on line 24
[08-Sep-2020 20:57:55 UTC] PHP Notice:  Trying to access array offset on value of type bool in C:\xampp\htdocs\mdm-crt\daemon\classes\dbh.class.php on line 25
[08-Sep-2020 20:57:55 UTC] PHP Notice:  Trying to access array offset on value of type bool in C:\xampp\htdocs\mdm-crt\daemon\classes\dbh.class.php on line 26
[08-Sep-2020 20:57:55 UTC] crtconfig.php loaded
[08-Sep-2020 20:57:55 UTC] PHP Fatal error:  Uncaught PDOException: SQLSTATE[HY000] [1045] Access denied for user ''@'localhost' (using password: NO) in C:\xampp\htdocs\mdm-crt\daemon\classes\dbh.class.php:31
Stack trace:
#0 C:\xampp\htdocs\mdm-crt\daemon\classes\dbh.class.php(31): PDO->__construct('mysql:host=;dbn...', NULL, NULL)
#1 C:\xampp\htdocs\mdm-crt\daemon\classes\livescanmodel.class.php(16): Dbh->db()
#2 C:\xampp\htdocs\mdm-crt\daemon\classes\crtdaemon.class.php(173): LiveScanModel->getAllLiveScans()
#3 C:\xampp\htdocs\mdm-crt\daemon\classes\crtdaemon.class.php(251): CRTdaemon->reloadSavedScans()
#4 C:\xampp\htdocs\mdm-crt\daemon\crtdaemon.php(85): CRTdaemon->start()
#5 {main}
  thrown in C:\xampp\htdocs\mdm-crt\daemon\classes\dbh.class.php on line 31
[08-Sep-2020 21:00:34 UTC] crtconfig.php loaded
[08-Sep-2020 21:00:35 UTC] PHP Warning:  file_put_contents(): Filename cannot be empty in C:\xampp\htdocs\mdm-crt\daemon\classes\crtdaemon.class.php on line 224
[08-Sep-2020 21:00:35 UTC] PHP Warning:  file_put_contents(): Filename cannot be empty in C:\xampp\htdocs\mdm-crt\daemon\classes\crtdaemon.class.php on line 224
[08-Sep-2020 21:00:35 UTC] PHP Warning:  file_put_contents(): Filename cannot be empty in C:\xampp\htdocs\mdm-crt\daemon\classes\crtdaemon.class.php on line 224
[08-Sep-2020 21:00:35 UTC] PHP Warning:  file_put_contents(): Filename cannot be empty in C:\xampp\htdocs\mdm-crt\daemon\classes\crtdaemon.class.php on line 224
[08-Sep-2020 21:00:35 UTC] PHP Warning:  file_put_contents(): Filename cannot be empty in C:\xampp\htdocs\mdm-crt\daemon\classes\crtdaemon.class.php on line 224
[08-Sep-2020 21:00:35 UTC] PHP Warning:  file_put_contents(): Filename cannot be empty in C:\xampp\htdocs\mdm-crt\daemon\classes\crtdaemon.class.php on line 224
[08-Sep-2020 21:00:35 UTC] PHP Warning:  file_put_contents(): Filename cannot be empty in C:\xampp\htdocs\mdm-crt\daemon\classes\crtdaemon.class.php on line 224
[08-Sep-2020 21:00:35 UTC] PHP Warning:  file_put_contents(): Filename cannot be empty in C:\xampp\htdocs\mdm-crt\daemon\classes\crtdaemon.class.php on line 224
[08-Sep-2020 21:01:36 UTC] crtconfig.php loaded
[08-Sep-2020 21:01:37 UTC] PHP Warning:  file_put_contents('C:\xampp\htdocs\mdm-crt\application\views\livescanjson.php'): failed to open stream: No such file or directory in C:\xampp\htdocs\mdm-crt\daemon\classes\crtdaemon.class.php on line 224
[08-Sep-2020 21:01:37 UTC] PHP Warning:  file_put_contents('C:\xampp\htdocs\mdm-crt\application\views\livescanjson.php'): failed to open stream: No such file or directory in C:\xampp\htdocs\mdm-crt\daemon\classes\crtdaemon.class.php on line 224
[08-Sep-2020 21:01:37 UTC] PHP Warning:  file_put_contents('C:\xampp\htdocs\mdm-crt\application\views\livescanjson.php'): failed to open stream: No such file or directory in C:\xampp\htdocs\mdm-crt\daemon\classes\crtdaemon.class.php on line 224
[08-Sep-2020 21:01:37 UTC] PHP Warning:  file_put_contents('C:\xampp\htdocs\mdm-crt\application\views\livescanjson.php'): failed to open stream: No such file or directory in C:\xampp\htdocs\mdm-crt\daemon\classes\crtdaemon.class.php on line 224
[08-Sep-2020 21:01:37 UTC] PHP Warning:  file_put_contents('C:\xampp\htdocs\mdm-crt\application\views\livescanjson.php'): failed to open stream: No such file or directory in C:\xampp\htdocs\mdm-crt\daemon\classes\crtdaemon.class.php on line 224
[08-Sep-2020 21:01:37 UTC] PHP Warning:  file_put_contents('C:\xampp\htdocs\mdm-crt\application\views\livescanjson.php'): failed to open stream: No such file or directory in C:\xampp\htdocs\mdm-crt\daemon\classes\crtdaemon.class.php on line 224
[08-Sep-2020 21:01:37 UTC] PHP Warning:  file_put_contents('C:\xampp\htdocs\mdm-crt\application\views\livescanjson.php'): failed to open stream: No such file or directory in C:\xampp\htdocs\mdm-crt\daemon\classes\crtdaemon.class.php on line 224
[08-Sep-2020 21:02:39 UTC] crtconfig.php loaded
[08-Sep-2020 21:04:17 UTC] crtconfig.php loaded
[08-Sep-2020 21:04:18 UTC] PHP Warning:  file_put_contents('C:\xampp\htdocs\mdm-crt\application\views\livescanjson.php'): failed to open stream: No such file or directory in C:\xampp\htdocs\mdm-crt\daemon\classes\crtdaemon.class.php on line 224
[08-Sep-2020 21:04:18 UTC] PHP Warning:  file_put_contents('C:\xampp\htdocs\mdm-crt\application\views\livescanjson.php'): failed to open stream: No such file or directory in C:\xampp\htdocs\mdm-crt\daemon\classes\crtdaemon.class.php on line 224
[08-Sep-2020 21:04:18 UTC] PHP Warning:  file_put_contents('C:\xampp\htdocs\mdm-crt\application\views\livescanjson.php'): failed to open stream: No such file or directory in C:\xampp\htdocs\mdm-crt\daemon\classes\crtdaemon.class.php on line 224
[08-Sep-2020 21:04:18 UTC] PHP Warning:  file_put_contents('C:\xampp\htdocs\mdm-crt\application\views\livescanjson.php'): failed to open stream: No such file or directory in C:\xampp\htdocs\mdm-crt\daemon\classes\crtdaemon.class.php on line 224
[08-Sep-2020 21:04:18 UTC] PHP Warning:  file_put_contents('C:\xampp\htdocs\mdm-crt\application\views\livescanjson.php'): failed to open stream: No such file or directory in C:\xampp\htdocs\mdm-crt\daemon\classes\crtdaemon.class.php on line 224
[08-Sep-2020 21:04:18 UTC] PHP Warning:  file_put_contents('C:\xampp\htdocs\mdm-crt\application\views\livescanjson.php'): failed to open stream: No such file or directory in C:\xampp\htdocs\mdm-crt\daemon\classes\crtdaemon.class.php on line 224
[08-Sep-2020 21:04:18 UTC] PHP Warning:  file_put_contents('C:\xampp\htdocs\mdm-crt\application\views\livescanjson.php'): failed to open stream: No such file or directory in C:\xampp\htdocs\mdm-crt\daemon\classes\crtdaemon.class.php on line 224
[08-Sep-2020 21:09:26 UTC] crtconfig.php loaded
[08-Sep-2020 21:14:05 UTC] crtconfig.php loaded
[08-Sep-2020 21:14:06 UTC] PHP Warning:  file_put_contents('C:\xampp\htdocs\mdm-crt\application\views\livescanjson.php'): failed to open stream: No such file or directory in C:\xampp\htdocs\mdm-crt\daemon\classes\crtdaemon.class.php on line 225
[08-Sep-2020 21:14:06 UTC] PHP Warning:  file_put_contents('C:\xampp\htdocs\mdm-crt\application\views\livescanjson.php'): failed to open stream: No such file or directory in C:\xampp\htdocs\mdm-crt\daemon\classes\crtdaemon.class.php on line 225
[08-Sep-2020 21:14:06 UTC] PHP Warning:  file_put_contents('C:\xampp\htdocs\mdm-crt\application\views\livescanjson.php'): failed to open stream: No such file or directory in C:\xampp\htdocs\mdm-crt\daemon\classes\crtdaemon.class.php on line 225
[08-Sep-2020 21:14:06 UTC] PHP Warning:  file_put_contents('C:\xampp\htdocs\mdm-crt\application\views\livescanjson.php'): failed to open stream: No such file or directory in C:\xampp\htdocs\mdm-crt\daemon\classes\crtdaemon.class.php on line 225
[08-Sep-2020 21:14:06 UTC] PHP Warning:  file_put_contents('C:\xampp\htdocs\mdm-crt\application\views\livescanjson.php'): failed to open stream: No such file or directory in C:\xampp\htdocs\mdm-crt\daemon\classes\crtdaemon.class.php on line 225
[08-Sep-2020 21:14:06 UTC] PHP Warning:  file_put_contents('C:\xampp\htdocs\mdm-crt\application\views\livescanjson.php'): failed to open stream: No such file or directory in C:\xampp\htdocs\mdm-crt\daemon\classes\crtdaemon.class.php on line 225
[08-Sep-2020 21:14:06 UTC] PHP Warning:  file_put_contents('C:\xampp\htdocs\mdm-crt\application\views\livescanjson.php'): failed to open stream: No such file or directory in C:\xampp\htdocs\mdm-crt\daemon\classes\crtdaemon.class.php on line 225
[08-Sep-2020 21:14:37 UTC] PHP Warning:  file_put_contents('C:\xampp\htdocs\mdm-crt\application\views\livescanjson.php'): failed to open stream: No such file or directory in C:\xampp\htdocs\mdm-crt\daemon\classes\crtdaemon.class.php on line 225
[08-Sep-2020 21:14:37 UTC] PHP Warning:  file_put_contents('C:\xampp\htdocs\mdm-crt\application\views\livescanjson.php'): failed to open stream: No such file or directory in C:\xampp\htdocs\mdm-crt\daemon\classes\crtdaemon.class.php on line 225
[08-Sep-2020 21:14:37 UTC] PHP Warning:  file_put_contents('C:\xampp\htdocs\mdm-crt\application\views\livescanjson.php'): failed to open stream: No such file or directory in C:\xampp\htdocs\mdm-crt\daemon\classes\crtdaemon.class.php on line 225
[08-Sep-2020 21:14:37 UTC] PHP Warning:  file_put_contents('C:\xampp\htdocs\mdm-crt\application\views\livescanjson.php'): failed to open stream: No such file or directory in C:\xampp\htdocs\mdm-crt\daemon\classes\crtdaemon.class.php on line 225
[08-Sep-2020 21:14:37 UTC] PHP Warning:  file_put_contents('C:\xampp\htdocs\mdm-crt\application\views\livescanjson.php'): failed to open stream: No such file or directory in C:\xampp\htdocs\mdm-crt\daemon\classes\crtdaemon.class.php on line 225
[08-Sep-2020 21:14:37 UTC] PHP Warning:  file_put_contents('C:\xampp\htdocs\mdm-crt\application\views\livescanjson.php'): failed to open stream: No such file or directory in C:\xampp\htdocs\mdm-crt\daemon\classes\crtdaemon.class.php on line 225
[08-Sep-2020 21:14:37 UTC] PHP Warning:  file_put_contents('C:\xampp\htdocs\mdm-crt\application\views\livescanjson.php'): failed to open stream: No such file or directory in C:\xampp\htdocs\mdm-crt\daemon\classes\crtdaemon.class.php on line 225
[08-Sep-2020 21:15:07 UTC] PHP Warning:  file_put_contents('C:\xampp\htdocs\mdm-crt\application\views\livescanjson.php'): failed to open stream: No such file or directory in C:\xampp\htdocs\mdm-crt\daemon\classes\crtdaemon.class.php on line 225
[08-Sep-2020 21:15:07 UTC] PHP Warning:  file_put_contents('C:\xampp\htdocs\mdm-crt\application\views\livescanjson.php'): failed to open stream: No such file or directory in C:\xampp\htdocs\mdm-crt\daemon\classes\crtdaemon.class.php on line 225
[08-Sep-2020 21:15:07 UTC] PHP Warning:  file_put_contents('C:\xampp\htdocs\mdm-crt\application\views\livescanjson.php'): failed to open stream: No such file or directory in C:\xampp\htdocs\mdm-crt\daemon\classes\crtdaemon.class.php on line 225
[08-Sep-2020 21:15:07 UTC] PHP Warning:  file_put_contents('C:\xampp\htdocs\mdm-crt\application\views\livescanjson.php'): failed to open stream: No such file or directory in C:\xampp\htdocs\mdm-crt\daemon\classes\crtdaemon.class.php on line 225
[08-Sep-2020 21:15:07 UTC] PHP Warning:  file_put_contents('C:\xampp\htdocs\mdm-crt\application\views\livescanjson.php'): failed to open stream: No such file or directory in C:\xampp\htdocs\mdm-crt\daemon\classes\crtdaemon.class.php on line 225
[08-Sep-2020 21:15:07 UTC] PHP Warning:  file_put_contents('C:\xampp\htdocs\mdm-crt\application\views\livescanjson.php'): failed to open stream: No such file or directory in C:\xampp\htdocs\mdm-crt\daemon\classes\crtdaemon.class.php on line 225
[08-Sep-2020 21:15:07 UTC] PHP Warning:  file_put_contents('C:\xampp\htdocs\mdm-crt\application\views\livescanjson.php'): failed to open stream: No such file or directory in C:\xampp\htdocs\mdm-crt\daemon\classes\crtdaemon.class.php on line 225
[08-Sep-2020 21:15:38 UTC] PHP Warning:  file_put_contents('C:\xampp\htdocs\mdm-crt\application\views\livescanjson.php'): failed to open stream: No such file or directory in C:\xampp\htdocs\mdm-crt\daemon\classes\crtdaemon.class.php on line 225
[08-Sep-2020 21:15:38 UTC] PHP Warning:  file_put_contents('C:\xampp\htdocs\mdm-crt\application\views\livescanjson.php'): failed to open stream: No such file or directory in C:\xampp\htdocs\mdm-crt\daemon\classes\crtdaemon.class.php on line 225
[08-Sep-2020 21:15:38 UTC] PHP Warning:  file_put_contents('C:\xampp\htdocs\mdm-crt\application\views\livescanjson.php'): failed to open stream: No such file or directory in C:\xampp\htdocs\mdm-crt\daemon\classes\crtdaemon.class.php on line 225
[08-Sep-2020 21:15:38 UTC] PHP Warning:  file_put_contents('C:\xampp\htdocs\mdm-crt\application\views\livescanjson.php'): failed to open stream: No such file or directory in C:\xampp\htdocs\mdm-crt\daemon\classes\crtdaemon.class.php on line 225
[08-Sep-2020 21:15:38 UTC] PHP Warning:  file_put_contents('C:\xampp\htdocs\mdm-crt\application\views\livescanjson.php'): failed to open stream: No such file or directory in C:\xampp\htdocs\mdm-crt\daemon\classes\crtdaemon.class.php on line 225
[08-Sep-2020 21:15:38 UTC] PHP Warning:  file_put_contents('C:\xampp\htdocs\mdm-crt\application\views\livescanjson.php'): failed to open stream: No such file or directory in C:\xampp\htdocs\mdm-crt\daemon\classes\crtdaemon.class.php on line 225
[08-Sep-2020 21:15:38 UTC] PHP Warning:  file_put_contents('C:\xampp\htdocs\mdm-crt\application\views\livescanjson.php'): failed to open stream: No such file or directory in C:\xampp\htdocs\mdm-crt\daemon\classes\crtdaemon.class.php on line 225
[08-Sep-2020 21:16:08 UTC] crtconfig.php loaded
[08-Sep-2020 21:17:42 UTC] crtconfig.php loaded
[08-Sep-2020 21:21:36 UTC] crtconfig.php loaded
[09-Sep-2020 21:09:42 UTC] PHP Parse error:  syntax error, unexpected 'echo' (T_ECHO) in C:\xampp\htdocs\mdm-crt\daemon\test.php on line 6
[09-Sep-2020 21:17:05 UTC] crtconfig.php loaded
[09-Sep-2020 21:17:08 UTC] PHP Notice:  Undefined index: vesselImageUrl in C:\xampp\htdocs\mdm-crt\daemon\classes\vessel.class.php on line 31
[09-Sep-2020 21:17:11 UTC] PHP Notice:  Undefined index: vesselImageUrl in C:\xampp\htdocs\mdm-crt\daemon\classes\vessel.class.php on line 31
[09-Sep-2020 21:17:24 UTC] PHP Notice:  Undefined index: vesselImageUrl in C:\xampp\htdocs\mdm-crt\daemon\classes\vessel.class.php on line 31
[09-Sep-2020 21:17:26 UTC] PHP Notice:  Undefined index: vesselImageUrl in C:\xampp\htdocs\mdm-crt\daemon\classes\vessel.class.php on line 31
[09-Sep-2020 21:17:27 UTC] Error saving new passage for James F Neal
[09-Sep-2020 21:17:27 UTC] Error saving new passage for Coop Ambassador
[09-Sep-2020 21:17:27 UTC] Error saving new passage for Roy E Claverie
[09-Sep-2020 21:17:27 UTC] Error saving new passage for Joe B. Wyatt
[09-Sep-2020 21:19:47 UTC] crtconfig.php loaded
[09-Sep-2020 21:19:49 UTC] PHP Notice:  Undefined index: vesselImageUrl in C:\xampp\htdocs\mdm-crt\daemon\classes\vessel.class.php on line 31
[09-Sep-2020 21:19:51 UTC] PHP Notice:  Undefined index: vesselImageUrl in C:\xampp\htdocs\mdm-crt\daemon\classes\vessel.class.php on line 31
[09-Sep-2020 21:19:53 UTC] PHP Notice:  Undefined index: vesselImageUrl in C:\xampp\htdocs\mdm-crt\daemon\classes\vessel.class.php on line 31
[09-Sep-2020 21:19:55 UTC] PHP Notice:  Undefined index: vesselImageUrl in C:\xampp\htdocs\mdm-crt\daemon\classes\vessel.class.php on line 31
[09-Sep-2020 21:23:59 UTC] crtconfig.php loaded
[09-Sep-2020 21:24:02 UTC] PHP Notice:  Undefined index: vesselImageUrl in C:\xampp\htdocs\mdm-crt\daemon\classes\vessel.class.php on line 31
[09-Sep-2020 21:24:05 UTC] PHP Notice:  Undefined index: vesselImageUrl in C:\xampp\htdocs\mdm-crt\daemon\classes\vessel.class.php on line 31
[09-Sep-2020 21:24:07 UTC] PHP Notice:  Undefined index: vesselImageUrl in C:\xampp\htdocs\mdm-crt\daemon\classes\vessel.class.php on line 31
[09-Sep-2020 21:24:10 UTC] PHP Notice:  Undefined index: vesselImageUrl in C:\xampp\htdocs\mdm-crt\daemon\classes\vessel.class.php on line 31
[09-Sep-2020 21:26:38 UTC] PHP Parse error:  syntax error, unexpected ';', expecting ')' in C:\xampp\htdocs\mdm-crt\daemon\crtdaemon.php on line 86
[09-Sep-2020 21:27:08 UTC] crtconfig.php loaded
[09-Sep-2020 21:27:12 UTC] PHP Notice:  Undefined index: vesselImageUrl in C:\xampp\htdocs\mdm-crt\daemon\classes\vessel.class.php on line 31
[09-Sep-2020 21:27:14 UTC] PHP Notice:  Undefined index: vesselImageUrl in C:\xampp\htdocs\mdm-crt\daemon\classes\vessel.class.php on line 31
[09-Sep-2020 21:27:16 UTC] PHP Notice:  Undefined index: vesselImageUrl in C:\xampp\htdocs\mdm-crt\daemon\classes\vessel.class.php on line 31
[09-Sep-2020 21:27:19 UTC] PHP Notice:  Undefined index: vesselImageUrl in C:\xampp\htdocs\mdm-crt\daemon\classes\vessel.class.php on line 31
[09-Sep-2020 21:31:42 UTC] crtconfig.php loaded
[09-Sep-2020 21:31:47 UTC] PHP Notice:  Undefined index: vesselImageUrl in C:\xampp\htdocs\mdm-crt\daemon\classes\vessel.class.php on line 31
[09-Sep-2020 21:31:48 UTC] PHP Notice:  Undefined index: vesselImageUrl in C:\xampp\htdocs\mdm-crt\daemon\classes\vessel.class.php on line 31
[09-Sep-2020 21:31:51 UTC] PHP Notice:  Undefined index: vesselImageUrl in C:\xampp\htdocs\mdm-crt\daemon\classes\vessel.class.php on line 31
[09-Sep-2020 21:31:53 UTC] PHP Notice:  Undefined index: vesselImageUrl in C:\xampp\htdocs\mdm-crt\daemon\classes\vessel.class.php on line 31
[09-Sep-2020 21:36:20 UTC] crtconfig.php loaded
[09-Sep-2020 21:36:22 UTC] PHP Notice:  Undefined index: vesselImageUrl in C:\xampp\htdocs\mdm-crt\daemon\classes\vessel.class.php on line 31
[09-Sep-2020 21:36:25 UTC] PHP Notice:  Undefined index: vesselImageUrl in C:\xampp\htdocs\mdm-crt\daemon\classes\vessel.class.php on line 31
[09-Sep-2020 21:36:28 UTC] PHP Notice:  Undefined index: vesselImageUrl in C:\xampp\htdocs\mdm-crt\daemon\classes\vessel.class.php on line 31
[09-Sep-2020 21:36:32 UTC] PHP Notice:  Undefined index: vesselImageUrl in C:\xampp\htdocs\mdm-crt\daemon\classes\vessel.class.php on line 31
[09-Sep-2020 21:42:39 UTC] crtconfig.php loaded
[09-Sep-2020 21:45:43 UTC] crtconfig.php loaded
[09-Sep-2020 21:54:08 UTC] crtconfig.php loaded
[10-Sep-2020 02:08:00 UTC] Error saving new passage for Coop Venture
[10-Sep-2020 02:20:46 UTC] Error saving new passage for Andrew Cannava
